

Started GET "/" for 127.0.0.1 at 2015-12-23 14:29:23 +0100

Mysql2::Error (Can't connect to local MySQL server through socket '/tmp/mysql.sock' (2)):
  mysql2 (0.4.2) lib/mysql2/client.rb:87:in `connect'
  mysql2 (0.4.2) lib/mysql2/client.rb:87:in `initialize'
  activerecord (4.2.5) lib/active_record/connection_adapters/mysql2_adapter.rb:18:in `new'
  activerecord (4.2.5) lib/active_record/connection_adapters/mysql2_adapter.rb:18:in `mysql2_connection'
  activerecord (4.2.5) lib/active_record/connection_adapters/abstract/connection_pool.rb:438:in `new_connection'
  activerecord (4.2.5) lib/active_record/connection_adapters/abstract/connection_pool.rb:448:in `checkout_new_connection'
  activerecord (4.2.5) lib/active_record/connection_adapters/abstract/connection_pool.rb:422:in `acquire_connection'
  activerecord (4.2.5) lib/active_record/connection_adapters/abstract/connection_pool.rb:349:in `block in checkout'
  /Users/guildenstern1/.rbenv/versions/2.2.3/lib/ruby/2.2.0/monitor.rb:211:in `mon_synchronize'
  activerecord (4.2.5) lib/active_record/connection_adapters/abstract/connection_pool.rb:348:in `checkout'
  activerecord (4.2.5) lib/active_record/connection_adapters/abstract/connection_pool.rb:263:in `block in connection'
  /Users/guildenstern1/.rbenv/versions/2.2.3/lib/ruby/2.2.0/monitor.rb:211:in `mon_synchronize'
  activerecord (4.2.5) lib/active_record/connection_adapters/abstract/connection_pool.rb:262:in `connection'
  activerecord (4.2.5) lib/active_record/connection_adapters/abstract/connection_pool.rb:571:in `retrieve_connection'
  activerecord (4.2.5) lib/active_record/connection_handling.rb:113:in `retrieve_connection'
  activerecord (4.2.5) lib/active_record/connection_handling.rb:87:in `connection'
  activerecord (4.2.5) lib/active_record/migration.rb:383:in `connection'
  activerecord (4.2.5) lib/active_record/migration.rb:370:in `call'
  actionpack (4.2.5) lib/action_dispatch/middleware/callbacks.rb:29:in `block in call'
  activesupport (4.2.5) lib/active_support/callbacks.rb:88:in `__run_callbacks__'
  activesupport (4.2.5) lib/active_support/callbacks.rb:778:in `_run_call_callbacks'
  activesupport (4.2.5) lib/active_support/callbacks.rb:81:in `run_callbacks'
  actionpack (4.2.5) lib/action_dispatch/middleware/callbacks.rb:27:in `call'
  actionpack (4.2.5) lib/action_dispatch/middleware/reloader.rb:73:in `call'
  actionpack (4.2.5) lib/action_dispatch/middleware/remote_ip.rb:78:in `call'
  actionpack (4.2.5) lib/action_dispatch/middleware/debug_exceptions.rb:17:in `call'
  web-console (2.2.1) lib/web_console/middleware.rb:39:in `call'
  actionpack (4.2.5) lib/action_dispatch/middleware/show_exceptions.rb:30:in `call'
  railties (4.2.5) lib/rails/rack/logger.rb:38:in `call_app'
  railties (4.2.5) lib/rails/rack/logger.rb:20:in `block in call'
  activesupport (4.2.5) lib/active_support/tagged_logging.rb:68:in `block in tagged'
  activesupport (4.2.5) lib/active_support/tagged_logging.rb:26:in `tagged'
  activesupport (4.2.5) lib/active_support/tagged_logging.rb:68:in `tagged'
  railties (4.2.5) lib/rails/rack/logger.rb:20:in `call'
  actionpack (4.2.5) lib/action_dispatch/middleware/request_id.rb:21:in `call'
  rack (1.6.4) lib/rack/methodoverride.rb:22:in `call'
  rack (1.6.4) lib/rack/runtime.rb:18:in `call'
  activesupport (4.2.5) lib/active_support/cache/strategy/local_cache_middleware.rb:28:in `call'
  rack (1.6.4) lib/rack/lock.rb:17:in `call'
  actionpack (4.2.5) lib/action_dispatch/middleware/static.rb:116:in `call'
  rack (1.6.4) lib/rack/sendfile.rb:113:in `call'
  railties (4.2.5) lib/rails/engine.rb:518:in `call'
  railties (4.2.5) lib/rails/application.rb:165:in `call'
  rack (1.6.4) lib/rack/lock.rb:17:in `call'
  rack (1.6.4) lib/rack/content_length.rb:15:in `call'
  rack (1.6.4) lib/rack/handler/webrick.rb:88:in `service'
  /Users/guildenstern1/.rbenv/versions/2.2.3/lib/ruby/2.2.0/webrick/httpserver.rb:138:in `service'
  /Users/guildenstern1/.rbenv/versions/2.2.3/lib/ruby/2.2.0/webrick/httpserver.rb:94:in `run'
  /Users/guildenstern1/.rbenv/versions/2.2.3/lib/ruby/2.2.0/webrick/server.rb:294:in `block in start_thread'


  Rendered /Users/guildenstern1/.rbenv/versions/2.2.3/lib/ruby/gems/2.2.0/gems/actionpack-4.2.5/lib/action_dispatch/middleware/templates/rescues/_source.erb (4.3ms)
  Rendered /Users/guildenstern1/.rbenv/versions/2.2.3/lib/ruby/gems/2.2.0/gems/actionpack-4.2.5/lib/action_dispatch/middleware/templates/rescues/_trace.html.erb (1.4ms)
  Rendered /Users/guildenstern1/.rbenv/versions/2.2.3/lib/ruby/gems/2.2.0/gems/actionpack-4.2.5/lib/action_dispatch/middleware/templates/rescues/_request_and_response.html.erb (0.9ms)
  Rendered /Users/guildenstern1/.rbenv/versions/2.2.3/lib/ruby/gems/2.2.0/gems/actionpack-4.2.5/lib/action_dispatch/middleware/templates/rescues/diagnostics.html.erb within rescues/layout (52.7ms)
  Rendered /Users/guildenstern1/.rbenv/versions/2.2.3/lib/ruby/gems/2.2.0/gems/web-console-2.2.1/lib/web_console/templates/_markup.html.erb (0.5ms)
  Rendered /Users/guildenstern1/.rbenv/versions/2.2.3/lib/ruby/gems/2.2.0/gems/web-console-2.2.1/lib/web_console/templates/_inner_console_markup.html.erb within layouts/inlined_string (0.5ms)
  Rendered /Users/guildenstern1/.rbenv/versions/2.2.3/lib/ruby/gems/2.2.0/gems/web-console-2.2.1/lib/web_console/templates/_prompt_box_markup.html.erb within layouts/inlined_string (0.2ms)
  Rendered /Users/guildenstern1/.rbenv/versions/2.2.3/lib/ruby/gems/2.2.0/gems/web-console-2.2.1/lib/web_console/templates/style.css.erb within layouts/inlined_string (0.4ms)
  Rendered /Users/guildenstern1/.rbenv/versions/2.2.3/lib/ruby/gems/2.2.0/gems/web-console-2.2.1/lib/web_console/templates/console.js.erb within layouts/javascript (47.3ms)
  Rendered /Users/guildenstern1/.rbenv/versions/2.2.3/lib/ruby/gems/2.2.0/gems/web-console-2.2.1/lib/web_console/templates/main.js.erb within layouts/javascript (0.2ms)
  Rendered /Users/guildenstern1/.rbenv/versions/2.2.3/lib/ruby/gems/2.2.0/gems/web-console-2.2.1/lib/web_console/templates/error_page.js.erb within layouts/javascript (0.4ms)
  Rendered /Users/guildenstern1/.rbenv/versions/2.2.3/lib/ruby/gems/2.2.0/gems/web-console-2.2.1/lib/web_console/templates/index.html.erb (107.9ms)


Started GET "/" for 127.0.0.1 at 2015-12-23 14:29:47 +0100
  [1m[36mActiveRecord::SchemaMigration Load (3.8ms)[0m  [1mSELECT `schema_migrations`.* FROM `schema_migrations`[0m
Processing by MainController#index as HTML
  Rendered main/index.html.erb within layouts/application (0.3ms)
Completed 200 OK in 1181ms (Views: 1171.9ms | ActiveRecord: 0.0ms)


Started GET "/assets/books.self-e3b0c44298fc1c149afbf4c8996fb92427ae41e4649b934ca495991b7852b855.css?body=1" for 127.0.0.1 at 2015-12-23 14:29:48 +0100


Started GET "/assets/main.self-e3b0c44298fc1c149afbf4c8996fb92427ae41e4649b934ca495991b7852b855.css?body=1" for 127.0.0.1 at 2015-12-23 14:29:48 +0100


Started GET "/assets/users.self-e3b0c44298fc1c149afbf4c8996fb92427ae41e4649b934ca495991b7852b855.css?body=1" for 127.0.0.1 at 2015-12-23 14:29:48 +0100


Started GET "/assets/application.self-e80e8f2318043e8af94dddc2adad5a4f09739a8ebb323b3ab31cd71d45fd9113.css?body=1" for 127.0.0.1 at 2015-12-23 14:29:48 +0100


Started GET "/assets/jquery.self-a714331225dda820228db323939889f149aec0127aeb06255646b616ba1ca419.js?body=1" for 127.0.0.1 at 2015-12-23 14:29:48 +0100


Started GET "/assets/jquery_ujs.self-d456baa54c1fa6be2ec3711f0a72ddf7a5b2f34a6b4f515f33767d6207b7d4b3.js?body=1" for 127.0.0.1 at 2015-12-23 14:29:48 +0100


Started GET "/assets/turbolinks.self-c37727e9bd6b2735da5c311aa83fead54ed0be6cc8bd9a65309e9c5abe2cbfff.js?body=1" for 127.0.0.1 at 2015-12-23 14:29:48 +0100


Started GET "/assets/books.self-877aef30ae1b040ab8a3aba4e3e309a11d7f2612f44dde450b5c157aa5f95c05.js?body=1" for 127.0.0.1 at 2015-12-23 14:29:48 +0100


Started GET "/assets/main.self-877aef30ae1b040ab8a3aba4e3e309a11d7f2612f44dde450b5c157aa5f95c05.js?body=1" for 127.0.0.1 at 2015-12-23 14:29:48 +0100


Started GET "/assets/users.self-877aef30ae1b040ab8a3aba4e3e309a11d7f2612f44dde450b5c157aa5f95c05.js?body=1" for 127.0.0.1 at 2015-12-23 14:29:48 +0100


Started GET "/assets/application.self-3b8dabdc891efe46b9a144b400ad69e37d7e5876bdc39dee783419a69d7ca819.js?body=1" for 127.0.0.1 at 2015-12-23 14:29:48 +0100


Started GET "/books" for 127.0.0.1 at 2015-12-23 14:29:50 +0100
Processing by BooksController#index as HTML
  [1m[35mBook Load (3.4ms)[0m  SELECT `books`.* FROM `books`
  Rendered books/index.html.erb within layouts/application (11.6ms)
Completed 200 OK in 26ms (Views: 19.7ms | ActiveRecord: 5.2ms)


Started GET "/books/1/edit" for 127.0.0.1 at 2015-12-23 14:29:55 +0100
Processing by BooksController#edit as HTML
  Parameters: {"id"=>"1"}
  [1m[36mBook Load (1.0ms)[0m  [1mSELECT  `books`.* FROM `books` WHERE `books`.`id` = 1 LIMIT 1[0m
  [1m[35mUser Load (3.5ms)[0m  SELECT `users`.* FROM `users`
  Rendered books/edit.html.erb within layouts/application (20.3ms)
Completed 200 OK in 42ms (Views: 28.4ms | ActiveRecord: 6.3ms)


Started GET "/books" for 127.0.0.1 at 2015-12-23 14:29:57 +0100
Processing by BooksController#index as HTML
  [1m[36mBook Load (0.2ms)[0m  [1mSELECT `books`.* FROM `books`[0m
  Rendered books/index.html.erb within layouts/application (0.7ms)
Completed 200 OK in 13ms (Views: 12.2ms | ActiveRecord: 0.2ms)


Started GET "/books/2/edit" for 127.0.0.1 at 2015-12-23 14:29:59 +0100
Processing by BooksController#edit as HTML
  Parameters: {"id"=>"2"}
  [1m[35mBook Load (0.2ms)[0m  SELECT  `books`.* FROM `books` WHERE `books`.`id` = 2 LIMIT 1
  [1m[36mUser Load (0.2ms)[0m  [1mSELECT `users`.* FROM `users`[0m
  Rendered books/edit.html.erb within layouts/application (1.1ms)
Completed 200 OK in 13ms (Views: 12.2ms | ActiveRecord: 0.4ms)


Started PATCH "/books/2" for 127.0.0.1 at 2015-12-23 14:30:02 +0100
Processing by BooksController#update as HTML
  Parameters: {"utf8"=>"✓", "authenticity_token"=>"Kw4JJKFL1c4KZRKEYkHmkUAqaAOVQRblWn3Nf2OVJGPZ3IwI+2fvo6HGwMY3UFwmWuuUpUOEqb2AgYJFuXWeug==", "book"=>{"user_id"=>"2"}, "commit"=>"Assegna libro in prestito", "id"=>"2"}
  [1m[35mBook Load (0.3ms)[0m  SELECT  `books`.* FROM `books` WHERE `books`.`id` = 2 LIMIT 1
  [1m[36m (0.1ms)[0m  [1mBEGIN[0m
  [1m[35mSQL (1.4ms)[0m  UPDATE `books` SET `user_id` = 2, `updated_at` = '2015-12-23 13:30:02' WHERE `books`.`id` = 2
  [1m[36m (0.3ms)[0m  [1mCOMMIT[0m
Redirected to http://0.0.0.0:3000/books/2
Completed 302 Found in 7ms (ActiveRecord: 2.2ms)


Started GET "/books/2" for 127.0.0.1 at 2015-12-23 14:30:02 +0100
Processing by BooksController#show as HTML
  Parameters: {"id"=>"2"}
  [1m[35mBook Load (0.2ms)[0m  SELECT  `books`.* FROM `books` WHERE `books`.`id` = 2 LIMIT 1
  [1m[36mUser Load (0.2ms)[0m  [1mSELECT  `users`.* FROM `users` WHERE `users`.`id` = 2 LIMIT 1[0m
  Rendered books/show.html.erb within layouts/application (4.0ms)
Completed 200 OK in 18ms (Views: 16.5ms | ActiveRecord: 0.4ms)


Started GET "/books" for 127.0.0.1 at 2015-12-23 14:30:03 +0100
Processing by BooksController#index as HTML
  [1m[35mBook Load (0.2ms)[0m  SELECT `books`.* FROM `books`
  Rendered books/index.html.erb within layouts/application (0.8ms)
Completed 200 OK in 13ms (Views: 12.5ms | ActiveRecord: 0.2ms)


Started GET "/books/2" for 127.0.0.1 at 2015-12-23 14:30:05 +0100
Processing by BooksController#show as HTML
  Parameters: {"id"=>"2"}
  [1m[36mBook Load (0.2ms)[0m  [1mSELECT  `books`.* FROM `books` WHERE `books`.`id` = 2 LIMIT 1[0m
  [1m[35mUser Load (0.1ms)[0m  SELECT  `users`.* FROM `users` WHERE `users`.`id` = 2 LIMIT 1
  Rendered books/show.html.erb within layouts/application (0.9ms)
Completed 200 OK in 15ms (Views: 13.6ms | ActiveRecord: 0.3ms)


Started PATCH "/books/2" for 127.0.0.1 at 2015-12-23 14:30:07 +0100
Processing by BooksController#update as HTML
  Parameters: {"utf8"=>"✓", "authenticity_token"=>"dZ1ZIVnncFW/c1Xr4fpCdAK5b6ba6jq2jDBZb4cv2KWHT9wNA8tKOBTQh6m06/jDGHiTAAwvhe5WzBZVXc9ifA==", "book"=>{"user_id"=>""}, "commit"=>"Marotti lo ha restituito", "id"=>"2"}
  [1m[36mBook Load (0.2ms)[0m  [1mSELECT  `books`.* FROM `books` WHERE `books`.`id` = 2 LIMIT 1[0m
  [1m[35m (0.1ms)[0m  BEGIN
  [1m[36mSQL (0.2ms)[0m  [1mUPDATE `books` SET `user_id` = NULL, `updated_at` = '2015-12-23 13:30:07' WHERE `books`.`id` = 2[0m
  [1m[35m (0.8ms)[0m  COMMIT
Redirected to http://0.0.0.0:3000/books/2
Completed 302 Found in 4ms (ActiveRecord: 1.3ms)


Started GET "/books/2" for 127.0.0.1 at 2015-12-23 14:30:07 +0100
Processing by BooksController#show as HTML
  Parameters: {"id"=>"2"}
  [1m[36mBook Load (0.3ms)[0m  [1mSELECT  `books`.* FROM `books` WHERE `books`.`id` = 2 LIMIT 1[0m
  Rendered books/show.html.erb within layouts/application (0.1ms)
Completed 200 OK in 15ms (Views: 14.1ms | ActiveRecord: 0.3ms)


Started GET "/books" for 127.0.0.1 at 2015-12-23 14:30:08 +0100
Processing by BooksController#index as HTML
  [1m[35mBook Load (0.3ms)[0m  SELECT `books`.* FROM `books`
  Rendered books/index.html.erb within layouts/application (0.7ms)
Completed 200 OK in 15ms (Views: 14.7ms | ActiveRecord: 0.3ms)


Started GET "/books/new" for 127.0.0.1 at 2015-12-23 14:30:10 +0100
Processing by BooksController#new as HTML
  Rendered books/new.html.erb within layouts/application (8.2ms)
Completed 200 OK in 22ms (Views: 21.6ms | ActiveRecord: 0.0ms)


Started GET "/" for 127.0.0.1 at 2015-12-23 14:30:11 +0100
Processing by MainController#index as HTML
  Rendered main/index.html.erb within layouts/application (0.3ms)
Completed 200 OK in 14ms (Views: 13.5ms | ActiveRecord: 0.0ms)


Started GET "/users" for 127.0.0.1 at 2015-12-23 14:30:13 +0100
Processing by UsersController#index as HTML
  [1m[36mUser Load (0.2ms)[0m  [1mSELECT `users`.* FROM `users`[0m
  Rendered users/index.html.erb within layouts/application (1.0ms)
Completed 200 OK in 15ms (Views: 14.6ms | ActiveRecord: 0.2ms)


Started GET "/" for 127.0.0.1 at 2015-12-23 14:30:15 +0100
Processing by MainController#index as HTML
  Rendered main/index.html.erb within layouts/application (0.0ms)
Completed 200 OK in 14ms (Views: 13.7ms | ActiveRecord: 0.0ms)


Started GET "/main/index" for 127.0.0.1 at 2015-12-23 14:30:16 +0100
Processing by MainController#index as HTML
  Rendered main/index.html.erb within layouts/application (0.0ms)
Completed 200 OK in 14ms (Views: 13.5ms | ActiveRecord: 0.0ms)


Started GET "/" for 127.0.0.1 at 2015-12-23 14:32:12 +0100
Processing by MainController#index as HTML
  Rendered main/index.html.erb within layouts/application (0.3ms)
Completed 200 OK in 15ms (Views: 14.6ms | ActiveRecord: 0.0ms)


Started GET "/assets/books.self-e3b0c44298fc1c149afbf4c8996fb92427ae41e4649b934ca495991b7852b855.css?body=1" for 127.0.0.1 at 2015-12-23 14:32:12 +0100


Started GET "/assets/main.self-e3b0c44298fc1c149afbf4c8996fb92427ae41e4649b934ca495991b7852b855.css?body=1" for 127.0.0.1 at 2015-12-23 14:32:12 +0100


Started GET "/assets/users.self-e3b0c44298fc1c149afbf4c8996fb92427ae41e4649b934ca495991b7852b855.css?body=1" for 127.0.0.1 at 2015-12-23 14:32:12 +0100


Started GET "/assets/application.self-e80e8f2318043e8af94dddc2adad5a4f09739a8ebb323b3ab31cd71d45fd9113.css?body=1" for 127.0.0.1 at 2015-12-23 14:32:12 +0100


Started GET "/assets/jquery.self-a714331225dda820228db323939889f149aec0127aeb06255646b616ba1ca419.js?body=1" for 127.0.0.1 at 2015-12-23 14:32:12 +0100


Started GET "/assets/jquery_ujs.self-d456baa54c1fa6be2ec3711f0a72ddf7a5b2f34a6b4f515f33767d6207b7d4b3.js?body=1" for 127.0.0.1 at 2015-12-23 14:32:12 +0100


Started GET "/assets/turbolinks.self-c37727e9bd6b2735da5c311aa83fead54ed0be6cc8bd9a65309e9c5abe2cbfff.js?body=1" for 127.0.0.1 at 2015-12-23 14:32:12 +0100


Started GET "/assets/books.self-877aef30ae1b040ab8a3aba4e3e309a11d7f2612f44dde450b5c157aa5f95c05.js?body=1" for 127.0.0.1 at 2015-12-23 14:32:12 +0100


Started GET "/assets/main.self-877aef30ae1b040ab8a3aba4e3e309a11d7f2612f44dde450b5c157aa5f95c05.js?body=1" for 127.0.0.1 at 2015-12-23 14:32:12 +0100


Started GET "/assets/users.self-877aef30ae1b040ab8a3aba4e3e309a11d7f2612f44dde450b5c157aa5f95c05.js?body=1" for 127.0.0.1 at 2015-12-23 14:32:12 +0100


Started GET "/assets/application.self-3b8dabdc891efe46b9a144b400ad69e37d7e5876bdc39dee783419a69d7ca819.js?body=1" for 127.0.0.1 at 2015-12-23 14:32:12 +0100


Started GET "/" for 127.0.0.1 at 2015-12-23 15:25:32 +0100
Processing by MainController#index as HTML
  Rendered main/index.html.erb within layouts/application (0.4ms)
Completed 200 OK in 20ms (Views: 18.8ms | ActiveRecord: 0.0ms)


Started GET "/books" for 127.0.0.1 at 2015-12-23 15:25:51 +0100
Processing by BooksController#index as HTML
  [1m[35mBook Load (0.3ms)[0m  SELECT `books`.* FROM `books`
  Rendered books/index.html.erb within layouts/application (0.8ms)
Completed 200 OK in 15ms (Views: 14.6ms | ActiveRecord: 0.3ms)


Started GET "/books/1" for 127.0.0.1 at 2015-12-23 15:25:53 +0100
Processing by BooksController#show as HTML
  Parameters: {"id"=>"1"}
  [1m[36mBook Load (0.2ms)[0m  [1mSELECT  `books`.* FROM `books` WHERE `books`.`id` = 1 LIMIT 1[0m
  Rendered books/show.html.erb within layouts/application (0.1ms)
Completed 200 OK in 15ms (Views: 13.8ms | ActiveRecord: 0.2ms)


Started GET "/" for 127.0.0.1 at 2015-12-23 16:23:57 +0100
  [1m[36mActiveRecord::SchemaMigration Load (0.2ms)[0m  [1mSELECT `schema_migrations`.* FROM `schema_migrations`[0m

ActiveRecord::PendingMigrationError (

Migrations are pending. To resolve this issue, run:

	bin/rake db:migrate RAILS_ENV=development

):
  activerecord (4.2.5) lib/active_record/migration.rb:392:in `check_pending!'
  activerecord (4.2.5) lib/active_record/migration.rb:373:in `call'
  actionpack (4.2.5) lib/action_dispatch/middleware/callbacks.rb:29:in `block in call'
  activesupport (4.2.5) lib/active_support/callbacks.rb:88:in `__run_callbacks__'
  activesupport (4.2.5) lib/active_support/callbacks.rb:778:in `_run_call_callbacks'
  activesupport (4.2.5) lib/active_support/callbacks.rb:81:in `run_callbacks'
  actionpack (4.2.5) lib/action_dispatch/middleware/callbacks.rb:27:in `call'
  actionpack (4.2.5) lib/action_dispatch/middleware/reloader.rb:73:in `call'
  actionpack (4.2.5) lib/action_dispatch/middleware/remote_ip.rb:78:in `call'
  actionpack (4.2.5) lib/action_dispatch/middleware/debug_exceptions.rb:17:in `call'
  web-console (2.2.1) lib/web_console/middleware.rb:39:in `call'
  actionpack (4.2.5) lib/action_dispatch/middleware/show_exceptions.rb:30:in `call'
  railties (4.2.5) lib/rails/rack/logger.rb:38:in `call_app'
  railties (4.2.5) lib/rails/rack/logger.rb:20:in `block in call'
  activesupport (4.2.5) lib/active_support/tagged_logging.rb:68:in `block in tagged'
  activesupport (4.2.5) lib/active_support/tagged_logging.rb:26:in `tagged'
  activesupport (4.2.5) lib/active_support/tagged_logging.rb:68:in `tagged'
  railties (4.2.5) lib/rails/rack/logger.rb:20:in `call'
  actionpack (4.2.5) lib/action_dispatch/middleware/request_id.rb:21:in `call'
  rack (1.6.4) lib/rack/methodoverride.rb:22:in `call'
  rack (1.6.4) lib/rack/runtime.rb:18:in `call'
  activesupport (4.2.5) lib/active_support/cache/strategy/local_cache_middleware.rb:28:in `call'
  rack (1.6.4) lib/rack/lock.rb:17:in `call'
  actionpack (4.2.5) lib/action_dispatch/middleware/static.rb:116:in `call'
  rack (1.6.4) lib/rack/sendfile.rb:113:in `call'
  railties (4.2.5) lib/rails/engine.rb:518:in `call'
  railties (4.2.5) lib/rails/application.rb:165:in `call'
  rack (1.6.4) lib/rack/lock.rb:17:in `call'
  rack (1.6.4) lib/rack/content_length.rb:15:in `call'
  rack (1.6.4) lib/rack/handler/webrick.rb:88:in `service'
  /Users/guildenstern1/.rbenv/versions/2.2.3/lib/ruby/2.2.0/webrick/httpserver.rb:138:in `service'
  /Users/guildenstern1/.rbenv/versions/2.2.3/lib/ruby/2.2.0/webrick/httpserver.rb:94:in `run'
  /Users/guildenstern1/.rbenv/versions/2.2.3/lib/ruby/2.2.0/webrick/server.rb:294:in `block in start_thread'


  Rendered /Users/guildenstern1/.rbenv/versions/2.2.3/lib/ruby/gems/2.2.0/gems/actionpack-4.2.5/lib/action_dispatch/middleware/templates/rescues/_source.erb (2.1ms)
  Rendered /Users/guildenstern1/.rbenv/versions/2.2.3/lib/ruby/gems/2.2.0/gems/actionpack-4.2.5/lib/action_dispatch/middleware/templates/rescues/_trace.html.erb (2.2ms)
  Rendered /Users/guildenstern1/.rbenv/versions/2.2.3/lib/ruby/gems/2.2.0/gems/actionpack-4.2.5/lib/action_dispatch/middleware/templates/rescues/_request_and_response.html.erb (0.8ms)
  Rendered /Users/guildenstern1/.rbenv/versions/2.2.3/lib/ruby/gems/2.2.0/gems/actionpack-4.2.5/lib/action_dispatch/middleware/templates/rescues/diagnostics.html.erb within rescues/layout (49.3ms)
  Rendered /Users/guildenstern1/.rbenv/versions/2.2.3/lib/ruby/gems/2.2.0/gems/web-console-2.2.1/lib/web_console/templates/_markup.html.erb (0.3ms)
  Rendered /Users/guildenstern1/.rbenv/versions/2.2.3/lib/ruby/gems/2.2.0/gems/web-console-2.2.1/lib/web_console/templates/_inner_console_markup.html.erb within layouts/inlined_string (0.2ms)
  Rendered /Users/guildenstern1/.rbenv/versions/2.2.3/lib/ruby/gems/2.2.0/gems/web-console-2.2.1/lib/web_console/templates/_prompt_box_markup.html.erb within layouts/inlined_string (0.2ms)
  Rendered /Users/guildenstern1/.rbenv/versions/2.2.3/lib/ruby/gems/2.2.0/gems/web-console-2.2.1/lib/web_console/templates/style.css.erb within layouts/inlined_string (0.2ms)
  Rendered /Users/guildenstern1/.rbenv/versions/2.2.3/lib/ruby/gems/2.2.0/gems/web-console-2.2.1/lib/web_console/templates/console.js.erb within layouts/javascript (40.8ms)
  Rendered /Users/guildenstern1/.rbenv/versions/2.2.3/lib/ruby/gems/2.2.0/gems/web-console-2.2.1/lib/web_console/templates/main.js.erb within layouts/javascript (0.2ms)
  Rendered /Users/guildenstern1/.rbenv/versions/2.2.3/lib/ruby/gems/2.2.0/gems/web-console-2.2.1/lib/web_console/templates/error_page.js.erb within layouts/javascript (0.3ms)
  Rendered /Users/guildenstern1/.rbenv/versions/2.2.3/lib/ruby/gems/2.2.0/gems/web-console-2.2.1/lib/web_console/templates/index.html.erb (91.9ms)
  [1m[36mActiveRecord::SchemaMigration Load (0.4ms)[0m  [1mSELECT `schema_migrations`.* FROM `schema_migrations`[0m
Migrating to CreateCategories (20151223144611)
  [1m[35m (8.2ms)[0m  CREATE TABLE `categories` (`id` int(11) auto_increment PRIMARY KEY, `category` varchar(255), `created_at` datetime NOT NULL, `updated_at` datetime NOT NULL) ENGINE=InnoDB
  [1m[36m (0.1ms)[0m  [1mBEGIN[0m
  [1m[35mSQL (0.1ms)[0m  INSERT INTO `schema_migrations` (`version`) VALUES ('20151223144611')
  [1m[36m (0.3ms)[0m  [1mCOMMIT[0m
  [1m[35mActiveRecord::SchemaMigration Load (0.2ms)[0m  SELECT `schema_migrations`.* FROM `schema_migrations`
  [1m[36m (0.2ms)[0m  [1mSELECT fk.referenced_table_name as 'to_table'
      ,fk.referenced_column_name as 'primary_key'
      ,fk.column_name as 'column'
      ,fk.constraint_name as 'name'
FROM information_schema.key_column_usage fk
WHERE fk.referenced_column_name is not null
  AND fk.table_schema = 'biblioteca_dev'
  AND fk.table_name = 'books'
[0m
  [1m[35m (0.1ms)[0m  SHOW CREATE TABLE `books`
  [1m[36m (0.2ms)[0m  [1mSELECT fk.referenced_table_name as 'to_table'
      ,fk.referenced_column_name as 'primary_key'
      ,fk.column_name as 'column'
      ,fk.constraint_name as 'name'
FROM information_schema.key_column_usage fk
WHERE fk.referenced_column_name is not null
  AND fk.table_schema = 'biblioteca_dev'
  AND fk.table_name = 'categories'
[0m
  [1m[35m (0.1ms)[0m  SHOW CREATE TABLE `categories`
  [1m[36m (0.4ms)[0m  [1mSELECT fk.referenced_table_name as 'to_table'
      ,fk.referenced_column_name as 'primary_key'
      ,fk.column_name as 'column'
      ,fk.constraint_name as 'name'
FROM information_schema.key_column_usage fk
WHERE fk.referenced_column_name is not null
  AND fk.table_schema = 'biblioteca_dev'
  AND fk.table_name = 'users'
[0m
  [1m[35m (0.1ms)[0m  SHOW CREATE TABLE `users`


Started GET "/" for 127.0.0.1 at 2015-12-23 16:26:32 +0100
  [1m[35mActiveRecord::SchemaMigration Load (0.2ms)[0m  SELECT `schema_migrations`.* FROM `schema_migrations`
Processing by MainController#index as HTML
  Rendered main/index.html.erb within layouts/application (0.2ms)
Completed 200 OK in 317ms (Views: 309.8ms | ActiveRecord: 0.0ms)


Started GET "/assets/categories.self-e3b0c44298fc1c149afbf4c8996fb92427ae41e4649b934ca495991b7852b855.css?body=1" for 127.0.0.1 at 2015-12-23 16:26:33 +0100


Started GET "/assets/categories.self-877aef30ae1b040ab8a3aba4e3e309a11d7f2612f44dde450b5c157aa5f95c05.js?body=1" for 127.0.0.1 at 2015-12-23 16:26:33 +0100


Started GET "/categories" for 127.0.0.1 at 2015-12-23 16:26:34 +0100

ActionController::RoutingError (No route matches [GET] "/categories"):
  actionpack (4.2.5) lib/action_dispatch/middleware/debug_exceptions.rb:21:in `call'
  web-console (2.2.1) lib/web_console/middleware.rb:39:in `call'
  actionpack (4.2.5) lib/action_dispatch/middleware/show_exceptions.rb:30:in `call'
  railties (4.2.5) lib/rails/rack/logger.rb:38:in `call_app'
  railties (4.2.5) lib/rails/rack/logger.rb:20:in `block in call'
  activesupport (4.2.5) lib/active_support/tagged_logging.rb:68:in `block in tagged'
  activesupport (4.2.5) lib/active_support/tagged_logging.rb:26:in `tagged'
  activesupport (4.2.5) lib/active_support/tagged_logging.rb:68:in `tagged'
  railties (4.2.5) lib/rails/rack/logger.rb:20:in `call'
  actionpack (4.2.5) lib/action_dispatch/middleware/request_id.rb:21:in `call'
  rack (1.6.4) lib/rack/methodoverride.rb:22:in `call'
  rack (1.6.4) lib/rack/runtime.rb:18:in `call'
  activesupport (4.2.5) lib/active_support/cache/strategy/local_cache_middleware.rb:28:in `call'
  rack (1.6.4) lib/rack/lock.rb:17:in `call'
  actionpack (4.2.5) lib/action_dispatch/middleware/static.rb:116:in `call'
  rack (1.6.4) lib/rack/sendfile.rb:113:in `call'
  railties (4.2.5) lib/rails/engine.rb:518:in `call'
  railties (4.2.5) lib/rails/application.rb:165:in `call'
  rack (1.6.4) lib/rack/lock.rb:17:in `call'
  rack (1.6.4) lib/rack/content_length.rb:15:in `call'
  rack (1.6.4) lib/rack/handler/webrick.rb:88:in `service'
  /Users/guildenstern1/.rbenv/versions/2.2.3/lib/ruby/2.2.0/webrick/httpserver.rb:138:in `service'
  /Users/guildenstern1/.rbenv/versions/2.2.3/lib/ruby/2.2.0/webrick/httpserver.rb:94:in `run'
  /Users/guildenstern1/.rbenv/versions/2.2.3/lib/ruby/2.2.0/webrick/server.rb:294:in `block in start_thread'


  Rendered /Users/guildenstern1/.rbenv/versions/2.2.3/lib/ruby/gems/2.2.0/gems/actionpack-4.2.5/lib/action_dispatch/middleware/templates/rescues/_trace.html.erb (2.3ms)
  Rendered /Users/guildenstern1/.rbenv/versions/2.2.3/lib/ruby/gems/2.2.0/gems/actionpack-4.2.5/lib/action_dispatch/middleware/templates/routes/_route.html.erb (2.4ms)
  Rendered /Users/guildenstern1/.rbenv/versions/2.2.3/lib/ruby/gems/2.2.0/gems/actionpack-4.2.5/lib/action_dispatch/middleware/templates/routes/_table.html.erb (7.2ms)
  Rendered /Users/guildenstern1/.rbenv/versions/2.2.3/lib/ruby/gems/2.2.0/gems/actionpack-4.2.5/lib/action_dispatch/middleware/templates/rescues/_request_and_response.html.erb (1.2ms)
  Rendered /Users/guildenstern1/.rbenv/versions/2.2.3/lib/ruby/gems/2.2.0/gems/actionpack-4.2.5/lib/action_dispatch/middleware/templates/rescues/routing_error.html.erb within rescues/layout (76.3ms)
  Rendered /Users/guildenstern1/.rbenv/versions/2.2.3/lib/ruby/gems/2.2.0/gems/web-console-2.2.1/lib/web_console/templates/_markup.html.erb (0.5ms)
  Rendered /Users/guildenstern1/.rbenv/versions/2.2.3/lib/ruby/gems/2.2.0/gems/web-console-2.2.1/lib/web_console/templates/_inner_console_markup.html.erb within layouts/inlined_string (0.2ms)
  Rendered /Users/guildenstern1/.rbenv/versions/2.2.3/lib/ruby/gems/2.2.0/gems/web-console-2.2.1/lib/web_console/templates/_prompt_box_markup.html.erb within layouts/inlined_string (0.2ms)
  Rendered /Users/guildenstern1/.rbenv/versions/2.2.3/lib/ruby/gems/2.2.0/gems/web-console-2.2.1/lib/web_console/templates/style.css.erb within layouts/inlined_string (0.2ms)
  Rendered /Users/guildenstern1/.rbenv/versions/2.2.3/lib/ruby/gems/2.2.0/gems/web-console-2.2.1/lib/web_console/templates/console.js.erb within layouts/javascript (38.8ms)
  Rendered /Users/guildenstern1/.rbenv/versions/2.2.3/lib/ruby/gems/2.2.0/gems/web-console-2.2.1/lib/web_console/templates/main.js.erb within layouts/javascript (0.2ms)
  Rendered /Users/guildenstern1/.rbenv/versions/2.2.3/lib/ruby/gems/2.2.0/gems/web-console-2.2.1/lib/web_console/templates/error_page.js.erb within layouts/javascript (0.3ms)
  Rendered /Users/guildenstern1/.rbenv/versions/2.2.3/lib/ruby/gems/2.2.0/gems/web-console-2.2.1/lib/web_console/templates/index.html.erb (86.5ms)


Started GET "/categories" for 127.0.0.1 at 2015-12-23 16:26:35 +0100

ActionController::RoutingError (No route matches [GET] "/categories"):
  actionpack (4.2.5) lib/action_dispatch/middleware/debug_exceptions.rb:21:in `call'
  web-console (2.2.1) lib/web_console/middleware.rb:39:in `call'
  actionpack (4.2.5) lib/action_dispatch/middleware/show_exceptions.rb:30:in `call'
  railties (4.2.5) lib/rails/rack/logger.rb:38:in `call_app'
  railties (4.2.5) lib/rails/rack/logger.rb:20:in `block in call'
  activesupport (4.2.5) lib/active_support/tagged_logging.rb:68:in `block in tagged'
  activesupport (4.2.5) lib/active_support/tagged_logging.rb:26:in `tagged'
  activesupport (4.2.5) lib/active_support/tagged_logging.rb:68:in `tagged'
  railties (4.2.5) lib/rails/rack/logger.rb:20:in `call'
  actionpack (4.2.5) lib/action_dispatch/middleware/request_id.rb:21:in `call'
  rack (1.6.4) lib/rack/methodoverride.rb:22:in `call'
  rack (1.6.4) lib/rack/runtime.rb:18:in `call'
  activesupport (4.2.5) lib/active_support/cache/strategy/local_cache_middleware.rb:28:in `call'
  rack (1.6.4) lib/rack/lock.rb:17:in `call'
  actionpack (4.2.5) lib/action_dispatch/middleware/static.rb:116:in `call'
  rack (1.6.4) lib/rack/sendfile.rb:113:in `call'
  railties (4.2.5) lib/rails/engine.rb:518:in `call'
  railties (4.2.5) lib/rails/application.rb:165:in `call'
  rack (1.6.4) lib/rack/lock.rb:17:in `call'
  rack (1.6.4) lib/rack/content_length.rb:15:in `call'
  rack (1.6.4) lib/rack/handler/webrick.rb:88:in `service'
  /Users/guildenstern1/.rbenv/versions/2.2.3/lib/ruby/2.2.0/webrick/httpserver.rb:138:in `service'
  /Users/guildenstern1/.rbenv/versions/2.2.3/lib/ruby/2.2.0/webrick/httpserver.rb:94:in `run'
  /Users/guildenstern1/.rbenv/versions/2.2.3/lib/ruby/2.2.0/webrick/server.rb:294:in `block in start_thread'


  Rendered /Users/guildenstern1/.rbenv/versions/2.2.3/lib/ruby/gems/2.2.0/gems/actionpack-4.2.5/lib/action_dispatch/middleware/templates/rescues/_trace.html.erb (1.3ms)
  Rendered /Users/guildenstern1/.rbenv/versions/2.2.3/lib/ruby/gems/2.2.0/gems/actionpack-4.2.5/lib/action_dispatch/middleware/templates/routes/_route.html.erb (1.2ms)
  Rendered /Users/guildenstern1/.rbenv/versions/2.2.3/lib/ruby/gems/2.2.0/gems/actionpack-4.2.5/lib/action_dispatch/middleware/templates/routes/_table.html.erb (0.9ms)
  Rendered /Users/guildenstern1/.rbenv/versions/2.2.3/lib/ruby/gems/2.2.0/gems/actionpack-4.2.5/lib/action_dispatch/middleware/templates/rescues/_request_and_response.html.erb (1.0ms)
  Rendered /Users/guildenstern1/.rbenv/versions/2.2.3/lib/ruby/gems/2.2.0/gems/actionpack-4.2.5/lib/action_dispatch/middleware/templates/rescues/routing_error.html.erb within rescues/layout (60.5ms)
  Rendered /Users/guildenstern1/.rbenv/versions/2.2.3/lib/ruby/gems/2.2.0/gems/web-console-2.2.1/lib/web_console/templates/_markup.html.erb (0.3ms)
  Rendered /Users/guildenstern1/.rbenv/versions/2.2.3/lib/ruby/gems/2.2.0/gems/web-console-2.2.1/lib/web_console/templates/_inner_console_markup.html.erb within layouts/inlined_string (0.2ms)
  Rendered /Users/guildenstern1/.rbenv/versions/2.2.3/lib/ruby/gems/2.2.0/gems/web-console-2.2.1/lib/web_console/templates/_prompt_box_markup.html.erb within layouts/inlined_string (0.2ms)
  Rendered /Users/guildenstern1/.rbenv/versions/2.2.3/lib/ruby/gems/2.2.0/gems/web-console-2.2.1/lib/web_console/templates/style.css.erb within layouts/inlined_string (0.2ms)
  Rendered /Users/guildenstern1/.rbenv/versions/2.2.3/lib/ruby/gems/2.2.0/gems/web-console-2.2.1/lib/web_console/templates/console.js.erb within layouts/javascript (37.8ms)
  Rendered /Users/guildenstern1/.rbenv/versions/2.2.3/lib/ruby/gems/2.2.0/gems/web-console-2.2.1/lib/web_console/templates/main.js.erb within layouts/javascript (0.2ms)
  Rendered /Users/guildenstern1/.rbenv/versions/2.2.3/lib/ruby/gems/2.2.0/gems/web-console-2.2.1/lib/web_console/templates/error_page.js.erb within layouts/javascript (0.3ms)
  Rendered /Users/guildenstern1/.rbenv/versions/2.2.3/lib/ruby/gems/2.2.0/gems/web-console-2.2.1/lib/web_console/templates/index.html.erb (83.4ms)


Started GET "/" for 127.0.0.1 at 2015-12-23 16:32:48 +0100
  [1m[36mActiveRecord::SchemaMigration Load (0.2ms)[0m  [1mSELECT `schema_migrations`.* FROM `schema_migrations`[0m
Processing by MainController#index as HTML
  Rendered main/index.html.erb within layouts/application (0.9ms)
Completed 200 OK in 165ms (Views: 159.1ms | ActiveRecord: 0.0ms)


Started GET "/" for 127.0.0.1 at 2015-12-23 16:33:19 +0100
Processing by MainController#index as HTML
  Rendered main/index.html.erb within layouts/application (0.1ms)
Completed 200 OK in 24ms (Views: 23.1ms | ActiveRecord: 0.0ms)


Started GET "/categories" for 127.0.0.1 at 2015-12-23 16:33:21 +0100
Processing by CategoriesController#index as HTML
  [1m[35mCategory Load (0.2ms)[0m  SELECT `categories`.* FROM `categories`
  Rendered categories/index.html.erb within layouts/application (6.3ms)
Completed 200 OK in 29ms (Views: 22.3ms | ActiveRecord: 1.2ms)


Started GET "/books/new" for 127.0.0.1 at 2015-12-23 16:33:30 +0100
Processing by BooksController#new as HTML
  Rendered books/new.html.erb within layouts/application (7.4ms)
Completed 200 OK in 26ms (Views: 25.6ms | ActiveRecord: 0.0ms)


Started GET "/" for 127.0.0.1 at 2015-12-23 16:35:39 +0100
Processing by MainController#index as HTML
  Rendered main/index.html.erb within layouts/application (0.1ms)
Completed 200 OK in 32ms (Views: 31.5ms | ActiveRecord: 0.0ms)


Started GET "/categories" for 127.0.0.1 at 2015-12-23 16:35:40 +0100
Processing by CategoriesController#index as HTML
  [1m[36mCategory Load (0.2ms)[0m  [1mSELECT `categories`.* FROM `categories`[0m
  Rendered categories/index.html.erb within layouts/application (1.3ms)
Completed 200 OK in 27ms (Views: 26.1ms | ActiveRecord: 0.2ms)


Started GET "/" for 127.0.0.1 at 2015-12-23 16:37:21 +0100
Processing by MainController#index as HTML
  Rendered main/index.html.erb within layouts/application (0.0ms)
Completed 200 OK in 30ms (Views: 28.7ms | ActiveRecord: 0.0ms)


Started GET "/categories" for 127.0.0.1 at 2015-12-23 16:37:22 +0100
Processing by CategoriesController#index as HTML
  [1m[35mCategory Load (0.2ms)[0m  SELECT `categories`.* FROM `categories`
  Rendered categories/index.html.erb within layouts/application (1.6ms)
Completed 200 OK in 27ms (Views: 26.8ms | ActiveRecord: 0.2ms)


Started POST "/categories" for 127.0.0.1 at 2015-12-23 16:37:28 +0100
Processing by CategoriesController#create as HTML
  Parameters: {"utf8"=>"✓", "authenticity_token"=>"w5zSlxdLF3znz+8NgP3qRnW4rY+I6fzGn56rf2UZXdcxTle7TWctEUxsPU/V7FDxb3lRKV4sQ55FYuRFv/nnDg==", "commit"=>"+", "category"=>{"category"=>"Giallo"}}
  [1m[36m (0.1ms)[0m  [1mBEGIN[0m
  [1m[35mSQL (0.2ms)[0m  INSERT INTO `categories` (`category`, `created_at`, `updated_at`) VALUES ('Giallo', '2015-12-23 15:37:28', '2015-12-23 15:37:28')
  [1m[36m (0.3ms)[0m  [1mCOMMIT[0m
Redirected to 
Completed 500 Internal Server Error in 8ms (ActiveRecord: 0.9ms)

ActionController::ActionControllerError (Cannot redirect to nil!):
  app/controllers/categories_controller.rb:6:in `create'


  Rendered /Users/guildenstern1/.rbenv/versions/2.2.3/lib/ruby/gems/2.2.0/gems/actionpack-4.2.5/lib/action_dispatch/middleware/templates/rescues/_source.erb (3.3ms)
  Rendered /Users/guildenstern1/.rbenv/versions/2.2.3/lib/ruby/gems/2.2.0/gems/actionpack-4.2.5/lib/action_dispatch/middleware/templates/rescues/_trace.html.erb (1.6ms)
  Rendered /Users/guildenstern1/.rbenv/versions/2.2.3/lib/ruby/gems/2.2.0/gems/actionpack-4.2.5/lib/action_dispatch/middleware/templates/rescues/_request_and_response.html.erb (0.7ms)
  Rendered /Users/guildenstern1/.rbenv/versions/2.2.3/lib/ruby/gems/2.2.0/gems/actionpack-4.2.5/lib/action_dispatch/middleware/templates/rescues/diagnostics.html.erb within rescues/layout (43.6ms)
  Rendered /Users/guildenstern1/.rbenv/versions/2.2.3/lib/ruby/gems/2.2.0/gems/web-console-2.2.1/lib/web_console/templates/_markup.html.erb (0.2ms)
  Rendered /Users/guildenstern1/.rbenv/versions/2.2.3/lib/ruby/gems/2.2.0/gems/web-console-2.2.1/lib/web_console/templates/_inner_console_markup.html.erb within layouts/inlined_string (0.2ms)
  Rendered /Users/guildenstern1/.rbenv/versions/2.2.3/lib/ruby/gems/2.2.0/gems/web-console-2.2.1/lib/web_console/templates/_prompt_box_markup.html.erb within layouts/inlined_string (0.2ms)
  Rendered /Users/guildenstern1/.rbenv/versions/2.2.3/lib/ruby/gems/2.2.0/gems/web-console-2.2.1/lib/web_console/templates/style.css.erb within layouts/inlined_string (0.2ms)
  Rendered /Users/guildenstern1/.rbenv/versions/2.2.3/lib/ruby/gems/2.2.0/gems/web-console-2.2.1/lib/web_console/templates/console.js.erb within layouts/javascript (38.3ms)
  Rendered /Users/guildenstern1/.rbenv/versions/2.2.3/lib/ruby/gems/2.2.0/gems/web-console-2.2.1/lib/web_console/templates/main.js.erb within layouts/javascript (0.5ms)
  Rendered /Users/guildenstern1/.rbenv/versions/2.2.3/lib/ruby/gems/2.2.0/gems/web-console-2.2.1/lib/web_console/templates/error_page.js.erb within layouts/javascript (0.3ms)
  Rendered /Users/guildenstern1/.rbenv/versions/2.2.3/lib/ruby/gems/2.2.0/gems/web-console-2.2.1/lib/web_console/templates/index.html.erb (95.5ms)


Started GET "/categories" for 127.0.0.1 at 2015-12-23 16:38:35 +0100
Processing by CategoriesController#index as HTML
  [1m[35mCategory Load (0.2ms)[0m  SELECT `categories`.* FROM `categories`
  Rendered categories/index.html.erb within layouts/application (5.9ms)
Completed 200 OK in 25ms (Views: 20.7ms | ActiveRecord: 2.1ms)


Started GET "/assets/books.self-e3b0c44298fc1c149afbf4c8996fb92427ae41e4649b934ca495991b7852b855.css?body=1" for 127.0.0.1 at 2015-12-23 16:38:35 +0100


Started GET "/assets/jquery.self-a714331225dda820228db323939889f149aec0127aeb06255646b616ba1ca419.js?body=1" for 127.0.0.1 at 2015-12-23 16:38:35 +0100


Started GET "/assets/users.self-e3b0c44298fc1c149afbf4c8996fb92427ae41e4649b934ca495991b7852b855.css?body=1" for 127.0.0.1 at 2015-12-23 16:38:35 +0100


Started GET "/assets/categories.self-e3b0c44298fc1c149afbf4c8996fb92427ae41e4649b934ca495991b7852b855.css?body=1" for 127.0.0.1 at 2015-12-23 16:38:35 +0100


Started GET "/assets/main.self-e3b0c44298fc1c149afbf4c8996fb92427ae41e4649b934ca495991b7852b855.css?body=1" for 127.0.0.1 at 2015-12-23 16:38:35 +0100


Started GET "/assets/application.self-e80e8f2318043e8af94dddc2adad5a4f09739a8ebb323b3ab31cd71d45fd9113.css?body=1" for 127.0.0.1 at 2015-12-23 16:38:35 +0100


Started GET "/assets/jquery_ujs.self-d456baa54c1fa6be2ec3711f0a72ddf7a5b2f34a6b4f515f33767d6207b7d4b3.js?body=1" for 127.0.0.1 at 2015-12-23 16:38:35 +0100


Started GET "/assets/turbolinks.self-c37727e9bd6b2735da5c311aa83fead54ed0be6cc8bd9a65309e9c5abe2cbfff.js?body=1" for 127.0.0.1 at 2015-12-23 16:38:35 +0100


Started GET "/assets/books.self-877aef30ae1b040ab8a3aba4e3e309a11d7f2612f44dde450b5c157aa5f95c05.js?body=1" for 127.0.0.1 at 2015-12-23 16:38:35 +0100


Started GET "/assets/categories.self-877aef30ae1b040ab8a3aba4e3e309a11d7f2612f44dde450b5c157aa5f95c05.js?body=1" for 127.0.0.1 at 2015-12-23 16:38:35 +0100


Started GET "/assets/main.self-877aef30ae1b040ab8a3aba4e3e309a11d7f2612f44dde450b5c157aa5f95c05.js?body=1" for 127.0.0.1 at 2015-12-23 16:38:35 +0100


Started GET "/assets/users.self-877aef30ae1b040ab8a3aba4e3e309a11d7f2612f44dde450b5c157aa5f95c05.js?body=1" for 127.0.0.1 at 2015-12-23 16:38:35 +0100


Started GET "/assets/application.self-3b8dabdc891efe46b9a144b400ad69e37d7e5876bdc39dee783419a69d7ca819.js?body=1" for 127.0.0.1 at 2015-12-23 16:38:35 +0100


Started POST "/categories" for 127.0.0.1 at 2015-12-23 16:38:47 +0100
Processing by CategoriesController#create as HTML
  Parameters: {"utf8"=>"✓", "authenticity_token"=>"fkVBw4lrjIE4CllEWWu36PZLR2S0WcNxxJIS6lTN/o2Ml8Tv00e27JOpiwYMeg1f7Iq7wmKcfCkebl3Qji1EVA==", "commit"=>"+", "category"=>{"category"=>"Narrativa"}}
  [1m[36m (0.1ms)[0m  [1mBEGIN[0m
  [1m[35mSQL (0.2ms)[0m  INSERT INTO `categories` (`category`, `created_at`, `updated_at`) VALUES ('Narrativa', '2015-12-23 15:38:47', '2015-12-23 15:38:47')
  [1m[36m (0.3ms)[0m  [1mCOMMIT[0m
Redirected to http://0.0.0.0:3000/categories
Completed 302 Found in 3ms (ActiveRecord: 0.6ms)


Started GET "/categories" for 127.0.0.1 at 2015-12-23 16:38:47 +0100
Processing by CategoriesController#index as HTML
  [1m[35mCategory Load (0.2ms)[0m  SELECT `categories`.* FROM `categories`
  Rendered categories/index.html.erb within layouts/application (0.9ms)
Completed 200 OK in 16ms (Views: 15.8ms | ActiveRecord: 0.2ms)


Started GET "/" for 127.0.0.1 at 2015-12-23 16:42:44 +0100
Processing by MainController#index as HTML
  Rendered main/index.html.erb within layouts/application (0.1ms)
Completed 200 OK in 19ms (Views: 19.1ms | ActiveRecord: 0.0ms)


Started GET "/categories" for 127.0.0.1 at 2015-12-23 16:42:45 +0100
Processing by CategoriesController#index as HTML
  [1m[36mCategory Load (0.3ms)[0m  [1mSELECT `categories`.* FROM `categories`[0m
  Rendered categories/index.html.erb within layouts/application (15.2ms)
Completed 500 Internal Server Error in 21ms (ActiveRecord: 2.5ms)

ActionView::Template::Error (undefined local variable or method `destroy' for #<#<Class:0x007fb7a7c38168>:0x007fb7a7c183e0>):
    15:       <tr>
    16:         <td><%= category.id %></td>
    17:         <td><%= category.category %></td>
    18:         <td><%= button_to '-', destroy %></td>
    19:       </tr>
    20:   <% end %>
    21: 
  app/views/categories/index.html.erb:18:in `block (2 levels) in _app_views_categories_index_html_erb___3099865366152264538_70213385050240'
  app/views/categories/index.html.erb:14:in `block in _app_views_categories_index_html_erb___3099865366152264538_70213385050240'
  app/views/categories/index.html.erb:3:in `_app_views_categories_index_html_erb___3099865366152264538_70213385050240'


  Rendered /Users/guildenstern1/.rbenv/versions/2.2.3/lib/ruby/gems/2.2.0/gems/actionpack-4.2.5/lib/action_dispatch/middleware/templates/rescues/_source.erb (4.0ms)
  Rendered /Users/guildenstern1/.rbenv/versions/2.2.3/lib/ruby/gems/2.2.0/gems/actionpack-4.2.5/lib/action_dispatch/middleware/templates/rescues/_trace.html.erb (1.8ms)
  Rendered /Users/guildenstern1/.rbenv/versions/2.2.3/lib/ruby/gems/2.2.0/gems/actionpack-4.2.5/lib/action_dispatch/middleware/templates/rescues/_request_and_response.html.erb (0.5ms)
  Rendered /Users/guildenstern1/.rbenv/versions/2.2.3/lib/ruby/gems/2.2.0/gems/actionpack-4.2.5/lib/action_dispatch/middleware/templates/rescues/template_error.html.erb within rescues/layout (46.2ms)
  Rendered /Users/guildenstern1/.rbenv/versions/2.2.3/lib/ruby/gems/2.2.0/gems/web-console-2.2.1/lib/web_console/templates/_markup.html.erb (0.2ms)
  Rendered /Users/guildenstern1/.rbenv/versions/2.2.3/lib/ruby/gems/2.2.0/gems/web-console-2.2.1/lib/web_console/templates/_inner_console_markup.html.erb within layouts/inlined_string (0.2ms)
  Rendered /Users/guildenstern1/.rbenv/versions/2.2.3/lib/ruby/gems/2.2.0/gems/web-console-2.2.1/lib/web_console/templates/_prompt_box_markup.html.erb within layouts/inlined_string (0.2ms)
  Rendered /Users/guildenstern1/.rbenv/versions/2.2.3/lib/ruby/gems/2.2.0/gems/web-console-2.2.1/lib/web_console/templates/style.css.erb within layouts/inlined_string (0.2ms)
  Rendered /Users/guildenstern1/.rbenv/versions/2.2.3/lib/ruby/gems/2.2.0/gems/web-console-2.2.1/lib/web_console/templates/console.js.erb within layouts/javascript (42.0ms)
  Rendered /Users/guildenstern1/.rbenv/versions/2.2.3/lib/ruby/gems/2.2.0/gems/web-console-2.2.1/lib/web_console/templates/main.js.erb within layouts/javascript (0.2ms)
  Rendered /Users/guildenstern1/.rbenv/versions/2.2.3/lib/ruby/gems/2.2.0/gems/web-console-2.2.1/lib/web_console/templates/error_page.js.erb within layouts/javascript (0.2ms)
  Rendered /Users/guildenstern1/.rbenv/versions/2.2.3/lib/ruby/gems/2.2.0/gems/web-console-2.2.1/lib/web_console/templates/index.html.erb (92.9ms)


Started GET "/categories" for 127.0.0.1 at 2015-12-23 16:42:45 +0100
Processing by CategoriesController#index as HTML
  [1m[35mCategory Load (0.2ms)[0m  SELECT `categories`.* FROM `categories`
  Rendered categories/index.html.erb within layouts/application (9.4ms)
Completed 500 Internal Server Error in 12ms (ActiveRecord: 0.2ms)

ActionView::Template::Error (undefined local variable or method `destroy' for #<#<Class:0x007fb7a7c38168>:0x007fb7a7d4a150>):
    15:       <tr>
    16:         <td><%= category.id %></td>
    17:         <td><%= category.category %></td>
    18:         <td><%= button_to '-', destroy %></td>
    19:       </tr>
    20:   <% end %>
    21: 
  app/views/categories/index.html.erb:18:in `block (2 levels) in _app_views_categories_index_html_erb___3099865366152264538_70213385734040'
  app/views/categories/index.html.erb:14:in `block in _app_views_categories_index_html_erb___3099865366152264538_70213385734040'
  app/views/categories/index.html.erb:3:in `_app_views_categories_index_html_erb___3099865366152264538_70213385734040'


  Rendered /Users/guildenstern1/.rbenv/versions/2.2.3/lib/ruby/gems/2.2.0/gems/actionpack-4.2.5/lib/action_dispatch/middleware/templates/rescues/_source.erb (4.6ms)
  Rendered /Users/guildenstern1/.rbenv/versions/2.2.3/lib/ruby/gems/2.2.0/gems/actionpack-4.2.5/lib/action_dispatch/middleware/templates/rescues/_trace.html.erb (2.0ms)
  Rendered /Users/guildenstern1/.rbenv/versions/2.2.3/lib/ruby/gems/2.2.0/gems/actionpack-4.2.5/lib/action_dispatch/middleware/templates/rescues/_request_and_response.html.erb (0.7ms)
  Rendered /Users/guildenstern1/.rbenv/versions/2.2.3/lib/ruby/gems/2.2.0/gems/actionpack-4.2.5/lib/action_dispatch/middleware/templates/rescues/template_error.html.erb within rescues/layout (46.7ms)
  Rendered /Users/guildenstern1/.rbenv/versions/2.2.3/lib/ruby/gems/2.2.0/gems/web-console-2.2.1/lib/web_console/templates/_markup.html.erb (0.3ms)
  Rendered /Users/guildenstern1/.rbenv/versions/2.2.3/lib/ruby/gems/2.2.0/gems/web-console-2.2.1/lib/web_console/templates/_inner_console_markup.html.erb within layouts/inlined_string (0.3ms)
  Rendered /Users/guildenstern1/.rbenv/versions/2.2.3/lib/ruby/gems/2.2.0/gems/web-console-2.2.1/lib/web_console/templates/_prompt_box_markup.html.erb within layouts/inlined_string (0.3ms)
  Rendered /Users/guildenstern1/.rbenv/versions/2.2.3/lib/ruby/gems/2.2.0/gems/web-console-2.2.1/lib/web_console/templates/style.css.erb within layouts/inlined_string (0.3ms)
  Rendered /Users/guildenstern1/.rbenv/versions/2.2.3/lib/ruby/gems/2.2.0/gems/web-console-2.2.1/lib/web_console/templates/console.js.erb within layouts/javascript (39.8ms)
  Rendered /Users/guildenstern1/.rbenv/versions/2.2.3/lib/ruby/gems/2.2.0/gems/web-console-2.2.1/lib/web_console/templates/main.js.erb within layouts/javascript (0.2ms)
  Rendered /Users/guildenstern1/.rbenv/versions/2.2.3/lib/ruby/gems/2.2.0/gems/web-console-2.2.1/lib/web_console/templates/error_page.js.erb within layouts/javascript (0.2ms)
  Rendered /Users/guildenstern1/.rbenv/versions/2.2.3/lib/ruby/gems/2.2.0/gems/web-console-2.2.1/lib/web_console/templates/index.html.erb (89.0ms)


Started GET "/" for 127.0.0.1 at 2015-12-23 16:43:39 +0100
Processing by MainController#index as HTML
  Rendered main/index.html.erb within layouts/application (0.1ms)
Completed 200 OK in 18ms (Views: 18.0ms | ActiveRecord: 0.0ms)


Started GET "/categories" for 127.0.0.1 at 2015-12-23 16:43:40 +0100
Processing by CategoriesController#index as HTML
  [1m[36mCategory Load (0.2ms)[0m  [1mSELECT `categories`.* FROM `categories`[0m
  Rendered categories/index.html.erb within layouts/application (2.1ms)
Completed 200 OK in 19ms (Views: 18.3ms | ActiveRecord: 0.2ms)


Started POST "/categories" for 127.0.0.1 at 2015-12-23 16:43:43 +0100
Processing by CategoriesController#create as HTML
  Parameters: {"utf8"=>"✓", "authenticity_token"=>"PfGvPF3oZNJ4DPby4KY4c/38M04KjjnuYsh4ragAfyLPIyoQB8Rev9OvJLC1t4LE5z3P6NxLhra4NDeXcuDF+w==", "category"=>{"category"=>""}}
  [1m[35m (0.1ms)[0m  BEGIN
  [1m[36mSQL (0.2ms)[0m  [1mINSERT INTO `categories` (`category`, `created_at`, `updated_at`) VALUES ('', '2015-12-23 15:43:43', '2015-12-23 15:43:43')[0m
  [1m[35m (0.7ms)[0m  COMMIT
Redirected to http://0.0.0.0:3000/categories
Completed 302 Found in 3ms (ActiveRecord: 1.0ms)


Started GET "/categories" for 127.0.0.1 at 2015-12-23 16:43:43 +0100
Processing by CategoriesController#index as HTML
  [1m[36mCategory Load (0.3ms)[0m  [1mSELECT `categories`.* FROM `categories`[0m
  Rendered categories/index.html.erb within layouts/application (2.4ms)
Completed 200 OK in 25ms (Views: 24.6ms | ActiveRecord: 0.3ms)


Started POST "/categories" for 127.0.0.1 at 2015-12-23 16:43:48 +0100
Processing by CategoriesController#create as HTML
  Parameters: {"utf8"=>"✓", "authenticity_token"=>"0ugRX4ZLDRC/8Z+T8W0RhCLhfW/my7sihwixBTR0Qv8gOpRz3Gc3fRRSTdGkfKszOCCByTAOBHpd9P4/7pT4Jg==", "category"=>{"category"=>""}}
  [1m[35m (0.1ms)[0m  BEGIN
  [1m[36mSQL (0.2ms)[0m  [1mINSERT INTO `categories` (`category`, `created_at`, `updated_at`) VALUES ('', '2015-12-23 15:43:48', '2015-12-23 15:43:48')[0m
  [1m[35m (0.7ms)[0m  COMMIT
Redirected to http://0.0.0.0:3000/categories
Completed 302 Found in 3ms (ActiveRecord: 1.0ms)


Started GET "/categories" for 127.0.0.1 at 2015-12-23 16:43:48 +0100
Processing by CategoriesController#index as HTML
  [1m[36mCategory Load (0.2ms)[0m  [1mSELECT `categories`.* FROM `categories`[0m
  Rendered categories/index.html.erb within layouts/application (1.6ms)
Completed 200 OK in 17ms (Views: 16.6ms | ActiveRecord: 0.2ms)


Started POST "/categories?method=delete" for 127.0.0.1 at 2015-12-23 16:43:49 +0100
Processing by CategoriesController#create as HTML
  Parameters: {"authenticity_token"=>"fBwTrCv+31E11hEGo0y5XwBGudX/W5Gg16v19Vx8WgOOzpaAcdLlPJ51w0T2XQPoGodFcymeLvgNV7rPhpzg2g==", "method"=>"delete"}
  [1m[35m (0.1ms)[0m  BEGIN
  [1m[36mSQL (0.2ms)[0m  [1mINSERT INTO `categories` (`created_at`, `updated_at`) VALUES ('2015-12-23 15:43:49', '2015-12-23 15:43:49')[0m
  [1m[35m (0.3ms)[0m  COMMIT
Redirected to http://0.0.0.0:3000/categories
Completed 302 Found in 3ms (ActiveRecord: 0.7ms)


Started GET "/categories" for 127.0.0.1 at 2015-12-23 16:43:49 +0100
Processing by CategoriesController#index as HTML
  [1m[36mCategory Load (0.2ms)[0m  [1mSELECT `categories`.* FROM `categories`[0m
  Rendered categories/index.html.erb within layouts/application (3.2ms)
Completed 200 OK in 21ms (Views: 20.5ms | ActiveRecord: 0.2ms)


Started GET "/categories" for 127.0.0.1 at 2015-12-23 16:44:55 +0100
Processing by CategoriesController#index as HTML
  [1m[35mCategory Load (0.3ms)[0m  SELECT `categories`.* FROM `categories`
  Rendered categories/index.html.erb within layouts/application (6.3ms)
Completed 200 OK in 25ms (Views: 21.4ms | ActiveRecord: 2.0ms)


Started GET "/assets/application.self-e80e8f2318043e8af94dddc2adad5a4f09739a8ebb323b3ab31cd71d45fd9113.css?body=1" for 127.0.0.1 at 2015-12-23 16:44:56 +0100


Started GET "/assets/categories.self-e3b0c44298fc1c149afbf4c8996fb92427ae41e4649b934ca495991b7852b855.css?body=1" for 127.0.0.1 at 2015-12-23 16:44:56 +0100


Started GET "/assets/jquery.self-a714331225dda820228db323939889f149aec0127aeb06255646b616ba1ca419.js?body=1" for 127.0.0.1 at 2015-12-23 16:44:56 +0100


Started GET "/assets/books.self-e3b0c44298fc1c149afbf4c8996fb92427ae41e4649b934ca495991b7852b855.css?body=1" for 127.0.0.1 at 2015-12-23 16:44:56 +0100


Started GET "/assets/main.self-e3b0c44298fc1c149afbf4c8996fb92427ae41e4649b934ca495991b7852b855.css?body=1" for 127.0.0.1 at 2015-12-23 16:44:56 +0100


Started GET "/assets/users.self-e3b0c44298fc1c149afbf4c8996fb92427ae41e4649b934ca495991b7852b855.css?body=1" for 127.0.0.1 at 2015-12-23 16:44:56 +0100


Started GET "/assets/jquery_ujs.self-d456baa54c1fa6be2ec3711f0a72ddf7a5b2f34a6b4f515f33767d6207b7d4b3.js?body=1" for 127.0.0.1 at 2015-12-23 16:44:56 +0100


Started GET "/assets/turbolinks.self-c37727e9bd6b2735da5c311aa83fead54ed0be6cc8bd9a65309e9c5abe2cbfff.js?body=1" for 127.0.0.1 at 2015-12-23 16:44:56 +0100


Started GET "/assets/books.self-877aef30ae1b040ab8a3aba4e3e309a11d7f2612f44dde450b5c157aa5f95c05.js?body=1" for 127.0.0.1 at 2015-12-23 16:44:56 +0100


Started GET "/assets/categories.self-877aef30ae1b040ab8a3aba4e3e309a11d7f2612f44dde450b5c157aa5f95c05.js?body=1" for 127.0.0.1 at 2015-12-23 16:44:56 +0100


Started GET "/assets/main.self-877aef30ae1b040ab8a3aba4e3e309a11d7f2612f44dde450b5c157aa5f95c05.js?body=1" for 127.0.0.1 at 2015-12-23 16:44:56 +0100


Started GET "/assets/users.self-877aef30ae1b040ab8a3aba4e3e309a11d7f2612f44dde450b5c157aa5f95c05.js?body=1" for 127.0.0.1 at 2015-12-23 16:44:56 +0100


Started GET "/assets/application.self-3b8dabdc891efe46b9a144b400ad69e37d7e5876bdc39dee783419a69d7ca819.js?body=1" for 127.0.0.1 at 2015-12-23 16:44:56 +0100


Started POST "/categories?method=delete" for 127.0.0.1 at 2015-12-23 16:44:57 +0100
Processing by CategoriesController#create as HTML
  Parameters: {"authenticity_token"=>"UZz/v62TrqFt96gkUz1oCDR1QLA8ZoSluRDUC3wZLPKjTnqT97+UzMZUemYGLNK/LrS8FuqjO/1j7JsxpvmWKw==", "method"=>"delete"}
Completed 500 Internal Server Error in 1ms (ActiveRecord: 0.0ms)

NoMethodError (undefined method `length' for nil:NilClass):
  app/controllers/categories_controller.rb:5:in `create'


  Rendered /Users/guildenstern1/.rbenv/versions/2.2.3/lib/ruby/gems/2.2.0/gems/actionpack-4.2.5/lib/action_dispatch/middleware/templates/rescues/_source.erb (3.7ms)
  Rendered /Users/guildenstern1/.rbenv/versions/2.2.3/lib/ruby/gems/2.2.0/gems/actionpack-4.2.5/lib/action_dispatch/middleware/templates/rescues/_trace.html.erb (1.8ms)
  Rendered /Users/guildenstern1/.rbenv/versions/2.2.3/lib/ruby/gems/2.2.0/gems/actionpack-4.2.5/lib/action_dispatch/middleware/templates/rescues/_request_and_response.html.erb (0.7ms)
  Rendered /Users/guildenstern1/.rbenv/versions/2.2.3/lib/ruby/gems/2.2.0/gems/actionpack-4.2.5/lib/action_dispatch/middleware/templates/rescues/diagnostics.html.erb within rescues/layout (44.1ms)
  Rendered /Users/guildenstern1/.rbenv/versions/2.2.3/lib/ruby/gems/2.2.0/gems/web-console-2.2.1/lib/web_console/templates/_markup.html.erb (0.3ms)
  Rendered /Users/guildenstern1/.rbenv/versions/2.2.3/lib/ruby/gems/2.2.0/gems/web-console-2.2.1/lib/web_console/templates/_inner_console_markup.html.erb within layouts/inlined_string (0.3ms)
  Rendered /Users/guildenstern1/.rbenv/versions/2.2.3/lib/ruby/gems/2.2.0/gems/web-console-2.2.1/lib/web_console/templates/_prompt_box_markup.html.erb within layouts/inlined_string (0.2ms)
  Rendered /Users/guildenstern1/.rbenv/versions/2.2.3/lib/ruby/gems/2.2.0/gems/web-console-2.2.1/lib/web_console/templates/style.css.erb within layouts/inlined_string (0.2ms)
  Rendered /Users/guildenstern1/.rbenv/versions/2.2.3/lib/ruby/gems/2.2.0/gems/web-console-2.2.1/lib/web_console/templates/console.js.erb within layouts/javascript (37.6ms)
  Rendered /Users/guildenstern1/.rbenv/versions/2.2.3/lib/ruby/gems/2.2.0/gems/web-console-2.2.1/lib/web_console/templates/main.js.erb within layouts/javascript (0.2ms)
  Rendered /Users/guildenstern1/.rbenv/versions/2.2.3/lib/ruby/gems/2.2.0/gems/web-console-2.2.1/lib/web_console/templates/error_page.js.erb within layouts/javascript (0.7ms)
  Rendered /Users/guildenstern1/.rbenv/versions/2.2.3/lib/ruby/gems/2.2.0/gems/web-console-2.2.1/lib/web_console/templates/index.html.erb (83.8ms)


Started GET "/" for 127.0.0.1 at 2015-12-23 16:46:23 +0100
Processing by MainController#index as HTML
  Rendered main/index.html.erb within layouts/application (0.0ms)
Completed 200 OK in 18ms (Views: 17.2ms | ActiveRecord: 0.0ms)


Started GET "/categories" for 127.0.0.1 at 2015-12-23 16:46:24 +0100
Processing by CategoriesController#index as HTML
  [1m[36mCategory Load (0.2ms)[0m  [1mSELECT `categories`.* FROM `categories`[0m
  Rendered categories/index.html.erb within layouts/application (5.9ms)
Completed 200 OK in 28ms (Views: 23.8ms | ActiveRecord: 1.9ms)


Started POST "/categories?method=delete" for 127.0.0.1 at 2015-12-23 16:46:25 +0100
Processing by CategoriesController#create as HTML
  Parameters: {"authenticity_token"=>"QZ2Br5O0ZZvpjBm96Mj8Cw79lt16ikiufXEeIDkCjPmzTwSDyZhf9kIvy/+92Ua8FDxqe6xP9/anjVEa4+I2IA==", "method"=>"delete"}
Redirected to http://0.0.0.0:3000/categories
Completed 302 Found in 1ms (ActiveRecord: 0.0ms)


Started GET "/categories" for 127.0.0.1 at 2015-12-23 16:46:25 +0100
Processing by CategoriesController#index as HTML
  [1m[35mCategory Load (0.3ms)[0m  SELECT `categories`.* FROM `categories`
  Rendered categories/index.html.erb within layouts/application (2.3ms)
Completed 200 OK in 21ms (Views: 19.9ms | ActiveRecord: 0.3ms)


Started POST "/categories?method=delete" for 127.0.0.1 at 2015-12-23 16:46:26 +0100
Processing by CategoriesController#create as HTML
  Parameters: {"authenticity_token"=>"Q5uXZLn39yt7RiWjRvCq4m2f6pskg/Up9I4YRPVvlFSxSRJI49vNRtDl9+ET4RBVd14WPfJGSnEucld+L48ujQ==", "method"=>"delete"}
Redirected to http://0.0.0.0:3000/categories
Completed 302 Found in 1ms (ActiveRecord: 0.0ms)


Started GET "/categories" for 127.0.0.1 at 2015-12-23 16:46:26 +0100
Processing by CategoriesController#index as HTML
  [1m[36mCategory Load (0.2ms)[0m  [1mSELECT `categories`.* FROM `categories`[0m
  Rendered categories/index.html.erb within layouts/application (2.1ms)
Completed 200 OK in 18ms (Views: 17.2ms | ActiveRecord: 0.2ms)


Started POST "/categories?method=delete" for 127.0.0.1 at 2015-12-23 16:46:27 +0100
Processing by CategoriesController#create as HTML
  Parameters: {"authenticity_token"=>"BbkcFC4nfpVvo2N7e4NbTxwiPFh+7FSALvrJi0ODiIL3a5k4dAtE+MQAsTkukuH4BuPA/qgp69j0BoaxmWMyWw==", "method"=>"delete"}
Redirected to http://0.0.0.0:3000/categories
Completed 302 Found in 1ms (ActiveRecord: 0.0ms)


Started GET "/categories" for 127.0.0.1 at 2015-12-23 16:46:27 +0100
Processing by CategoriesController#index as HTML
  [1m[35mCategory Load (0.2ms)[0m  SELECT `categories`.* FROM `categories`
  Rendered categories/index.html.erb within layouts/application (2.0ms)
Completed 200 OK in 17ms (Views: 16.3ms | ActiveRecord: 0.2ms)


Started POST "/categories?method=delete" for 127.0.0.1 at 2015-12-23 16:46:31 +0100
Processing by CategoriesController#create as HTML
  Parameters: {"authenticity_token"=>"aOSP053w7sb9JTy4yXBPYyBaYn+fN1YfcsRgq59xyauaNgr/x9zUq1aG7vqcYfXUOpue2Uny6UeoOC+RRZFzcg==", "method"=>"delete"}
Redirected to http://0.0.0.0:3000/categories
Completed 302 Found in 1ms (ActiveRecord: 0.0ms)


Started GET "/categories" for 127.0.0.1 at 2015-12-23 16:46:31 +0100
Processing by CategoriesController#index as HTML
  [1m[36mCategory Load (0.2ms)[0m  [1mSELECT `categories`.* FROM `categories`[0m
  Rendered categories/index.html.erb within layouts/application (9.2ms)
Completed 200 OK in 29ms (Views: 28.5ms | ActiveRecord: 0.2ms)


Started GET "/" for 127.0.0.1 at 2015-12-23 16:53:16 +0100
  [1m[36mActiveRecord::SchemaMigration Load (0.2ms)[0m  [1mSELECT `schema_migrations`.* FROM `schema_migrations`[0m
Processing by MainController#index as HTML
  Rendered main/index.html.erb within layouts/application (0.8ms)
Completed 200 OK in 161ms (Views: 154.2ms | ActiveRecord: 0.0ms)


Started GET "/categories" for 127.0.0.1 at 2015-12-23 16:53:18 +0100
Processing by CategoriesController#index as HTML
  [1m[35mCategory Load (0.2ms)[0m  SELECT `categories`.* FROM `categories`
  Rendered categories/index.html.erb within layouts/application (10.8ms)
Completed 200 OK in 32ms (Views: 27.2ms | ActiveRecord: 1.9ms)


Started POST "/categories?method=delete" for 127.0.0.1 at 2015-12-23 16:53:20 +0100
Processing by CategoriesController#create as HTML
  Parameters: {"authenticity_token"=>"o5x6gB5rmRsoFdRO0aQsRK9MP9BB0ONg/IuQqTUr+aNRTv+sREejdoO2BgyEtZbztY3DdpcVXDgmd9+T78tDeg==", "method"=>"delete"}
Redirected to http://0.0.0.0:3000/categories
Completed 302 Found in 1ms (ActiveRecord: 0.0ms)


Started GET "/categories" for 127.0.0.1 at 2015-12-23 16:53:20 +0100
Processing by CategoriesController#index as HTML
  [1m[36mCategory Load (0.3ms)[0m  [1mSELECT `categories`.* FROM `categories`[0m
  Rendered categories/index.html.erb within layouts/application (4.1ms)
Completed 200 OK in 37ms (Views: 36.2ms | ActiveRecord: 0.3ms)


Started GET "/categories" for 127.0.0.1 at 2015-12-23 16:54:33 +0100
Processing by CategoriesController#index as HTML
  [1m[35mCategory Load (0.3ms)[0m  SELECT `categories`.* FROM `categories`
  Rendered categories/index.html.erb within layouts/application (7.7ms)
Completed 200 OK in 28ms (Views: 22.9ms | ActiveRecord: 2.8ms)


Started GET "/assets/categories.self-e3b0c44298fc1c149afbf4c8996fb92427ae41e4649b934ca495991b7852b855.css?body=1" for 127.0.0.1 at 2015-12-23 16:54:33 +0100


Started GET "/assets/books.self-e3b0c44298fc1c149afbf4c8996fb92427ae41e4649b934ca495991b7852b855.css?body=1" for 127.0.0.1 at 2015-12-23 16:54:33 +0100


Started GET "/assets/users.self-e3b0c44298fc1c149afbf4c8996fb92427ae41e4649b934ca495991b7852b855.css?body=1" for 127.0.0.1 at 2015-12-23 16:54:33 +0100


Started GET "/assets/application.self-e80e8f2318043e8af94dddc2adad5a4f09739a8ebb323b3ab31cd71d45fd9113.css?body=1" for 127.0.0.1 at 2015-12-23 16:54:33 +0100


Started GET "/assets/main.self-e3b0c44298fc1c149afbf4c8996fb92427ae41e4649b934ca495991b7852b855.css?body=1" for 127.0.0.1 at 2015-12-23 16:54:33 +0100


Started GET "/assets/jquery.self-a714331225dda820228db323939889f149aec0127aeb06255646b616ba1ca419.js?body=1" for 127.0.0.1 at 2015-12-23 16:54:33 +0100


Started GET "/assets/jquery_ujs.self-d456baa54c1fa6be2ec3711f0a72ddf7a5b2f34a6b4f515f33767d6207b7d4b3.js?body=1" for 127.0.0.1 at 2015-12-23 16:54:33 +0100


Started GET "/assets/turbolinks.self-c37727e9bd6b2735da5c311aa83fead54ed0be6cc8bd9a65309e9c5abe2cbfff.js?body=1" for 127.0.0.1 at 2015-12-23 16:54:33 +0100


Started GET "/assets/books.self-877aef30ae1b040ab8a3aba4e3e309a11d7f2612f44dde450b5c157aa5f95c05.js?body=1" for 127.0.0.1 at 2015-12-23 16:54:33 +0100


Started GET "/assets/categories.self-877aef30ae1b040ab8a3aba4e3e309a11d7f2612f44dde450b5c157aa5f95c05.js?body=1" for 127.0.0.1 at 2015-12-23 16:54:33 +0100


Started GET "/assets/main.self-877aef30ae1b040ab8a3aba4e3e309a11d7f2612f44dde450b5c157aa5f95c05.js?body=1" for 127.0.0.1 at 2015-12-23 16:54:33 +0100


Started GET "/assets/users.self-877aef30ae1b040ab8a3aba4e3e309a11d7f2612f44dde450b5c157aa5f95c05.js?body=1" for 127.0.0.1 at 2015-12-23 16:54:33 +0100


Started GET "/assets/application.self-3b8dabdc891efe46b9a144b400ad69e37d7e5876bdc39dee783419a69d7ca819.js?body=1" for 127.0.0.1 at 2015-12-23 16:54:33 +0100


Started POST "/categories?method=delete" for 127.0.0.1 at 2015-12-23 16:54:37 +0100
Processing by CategoriesController#create as HTML
  Parameters: {"authenticity_token"=>"p/iwsuseYmoKHXZQx+iMe8K72AtIqkRJcpD2jN9+6hhVKjWesTJYB6G+pBKS+TbM2HokrZ5v+xGobLm2BZ5QwQ==", "method"=>"delete"}
CREATE
Redirected to http://0.0.0.0:3000/categories
Completed 302 Found in 1ms (ActiveRecord: 0.0ms)


Started GET "/categories" for 127.0.0.1 at 2015-12-23 16:54:37 +0100
Processing by CategoriesController#index as HTML
  [1m[36mCategory Load (0.4ms)[0m  [1mSELECT `categories`.* FROM `categories`[0m
  Rendered categories/index.html.erb within layouts/application (2.6ms)
Completed 200 OK in 27ms (Views: 25.9ms | ActiveRecord: 0.4ms)


Started POST "/categories?method=delete" for 127.0.0.1 at 2015-12-23 16:54:43 +0100
Processing by CategoriesController#create as HTML
  Parameters: {"authenticity_token"=>"oK2IwHXHJw+12N9iqSVmirVfJRLNj+WhqcSx0+RisMtSfw3sL+sdYh57DSD8NNw9r57ZtBtKWvlzOP7pPoIKEg==", "method"=>"delete"}
CREATE
Redirected to http://0.0.0.0:3000/categories
Completed 302 Found in 1ms (ActiveRecord: 0.0ms)


Started GET "/categories" for 127.0.0.1 at 2015-12-23 16:54:43 +0100
Processing by CategoriesController#index as HTML
  [1m[35mCategory Load (0.3ms)[0m  SELECT `categories`.* FROM `categories`
  Rendered categories/index.html.erb within layouts/application (3.7ms)
Completed 200 OK in 23ms (Views: 21.5ms | ActiveRecord: 0.3ms)


Started POST "/categories?method=delete" for 127.0.0.1 at 2015-12-23 16:54:45 +0100
Processing by CategoriesController#create as HTML
  Parameters: {"authenticity_token"=>"2z2hoTX9g+pWxDIRWBZuz7DUoE4xd8o8H2LWVJOb600p7ySNb9G5h/1n4FMNB9R4qhVc6OeydWTFnpluSXtRlA==", "method"=>"delete"}
CREATE
Redirected to http://0.0.0.0:3000/categories
Completed 302 Found in 1ms (ActiveRecord: 0.0ms)


Started GET "/categories" for 127.0.0.1 at 2015-12-23 16:54:45 +0100
Processing by CategoriesController#index as HTML
  [1m[36mCategory Load (0.2ms)[0m  [1mSELECT `categories`.* FROM `categories`[0m
  Rendered categories/index.html.erb within layouts/application (1.9ms)
Completed 200 OK in 18ms (Views: 17.3ms | ActiveRecord: 0.2ms)


Started GET "/categories" for 127.0.0.1 at 2015-12-23 16:55:18 +0100
Processing by CategoriesController#index as HTML
  [1m[35mCategory Load (0.2ms)[0m  SELECT `categories`.* FROM `categories`
  Rendered categories/index.html.erb within layouts/application (3.0ms)
Completed 200 OK in 19ms (Views: 18.2ms | ActiveRecord: 0.2ms)


Started DELETE "/categories/3" for 127.0.0.1 at 2015-12-23 16:55:20 +0100
Processing by CategoriesController#destroy as HTML
  Parameters: {"authenticity_token"=>"5M8cOsmbCb9DjRyUimBXdvLhyN0CH0Xfso3IE9rXt+wWHZkWk7cz0uguztbfce3B6CA0e9Ta+odocYcpADcNNQ==", "id"=>"3"}
DESTROY
  [1m[36mCategory Load (0.3ms)[0m  [1mSELECT  `categories`.* FROM `categories` WHERE `categories`.`id` = 3 LIMIT 1[0m
  [1m[35m (0.1ms)[0m  BEGIN
  [1m[36mSQL (0.2ms)[0m  [1mDELETE FROM `categories` WHERE `categories`.`id` = 3[0m
  [1m[35m (0.5ms)[0m  COMMIT
Redirected to http://0.0.0.0:3000/categories
Completed 302 Found in 8ms (ActiveRecord: 1.1ms)


Started GET "/categories" for 127.0.0.1 at 2015-12-23 16:55:20 +0100
Processing by CategoriesController#index as HTML
  [1m[36mCategory Load (0.2ms)[0m  [1mSELECT `categories`.* FROM `categories`[0m
  Rendered categories/index.html.erb within layouts/application (1.6ms)
Completed 200 OK in 16ms (Views: 15.2ms | ActiveRecord: 0.2ms)


Started DELETE "/categories/4" for 127.0.0.1 at 2015-12-23 16:55:22 +0100
Processing by CategoriesController#destroy as HTML
  Parameters: {"authenticity_token"=>"6dIojsTMjUhvpe+pC0cLB6vERy1htIOrzGOJTh3jZUkbAK2inuC3JcQGPeteVrGwsQW7i7dxPPMWn8Z0xwPfkA==", "id"=>"4"}
DESTROY
  [1m[35mCategory Load (0.2ms)[0m  SELECT  `categories`.* FROM `categories` WHERE `categories`.`id` = 4 LIMIT 1
  [1m[36m (0.1ms)[0m  [1mBEGIN[0m
  [1m[35mSQL (0.2ms)[0m  DELETE FROM `categories` WHERE `categories`.`id` = 4
  [1m[36m (0.9ms)[0m  [1mCOMMIT[0m
Redirected to http://0.0.0.0:3000/categories
Completed 302 Found in 3ms (ActiveRecord: 1.3ms)


Started GET "/categories" for 127.0.0.1 at 2015-12-23 16:55:22 +0100
Processing by CategoriesController#index as HTML
  [1m[35mCategory Load (0.2ms)[0m  SELECT `categories`.* FROM `categories`
  Rendered categories/index.html.erb within layouts/application (1.3ms)
Completed 200 OK in 18ms (Views: 17.2ms | ActiveRecord: 0.2ms)


Started DELETE "/categories/5" for 127.0.0.1 at 2015-12-23 16:55:22 +0100
Processing by CategoriesController#destroy as HTML
  Parameters: {"authenticity_token"=>"Sq4Vaqvn1kUcUGW+bVsooRC4n0XLIMqfpebICRo4lqu4fJBG8cvsKLfzt/w4SpIWCnlj4x3ldcd/GoczwNgscg==", "id"=>"5"}
DESTROY
  [1m[36mCategory Load (0.2ms)[0m  [1mSELECT  `categories`.* FROM `categories` WHERE `categories`.`id` = 5 LIMIT 1[0m
  [1m[35m (0.1ms)[0m  BEGIN
  [1m[36mSQL (0.2ms)[0m  [1mDELETE FROM `categories` WHERE `categories`.`id` = 5[0m
  [1m[35m (1.0ms)[0m  COMMIT
Redirected to http://0.0.0.0:3000/categories
Completed 302 Found in 3ms (ActiveRecord: 1.4ms)


Started GET "/categories" for 127.0.0.1 at 2015-12-23 16:55:22 +0100
Processing by CategoriesController#index as HTML
  [1m[36mCategory Load (0.2ms)[0m  [1mSELECT `categories`.* FROM `categories`[0m
  Rendered categories/index.html.erb within layouts/application (1.2ms)
Completed 200 OK in 16ms (Views: 15.8ms | ActiveRecord: 0.2ms)
